[2025-06-10 06:34:17] Iniciando teste de envio de email
[2025-06-10 06:34:17] Email de destino: suporte.randson@gmail.com
[2025-06-10 06:34:17] Configurando servidor SMTP
[2025-06-10 06:34:17] Testando conexão SMTP
[2025-06-10 06:34:17] SMTP Debug: Connection: opening to smtp.titan.email:587, timeout=300, options=array()
[2025-06-10 06:34:17] SMTP Debug: Connection: opened
[2025-06-10 06:34:17] SMTP Debug: SERVER -> CLIENT: 220 smtp-out.flockmail.com ESMTP Postfix

[2025-06-10 06:34:17] SMTP Debug: CLIENT -> SERVER: EHLO localhost

[2025-06-10 06:34:17] SMTP Debug: SERVER -> CLIENT: 250-smtp-out.flockmail.com
250-PIPELINING
250-SIZE 52428800
250-VRFY
250-ETRN
250-STARTTLS
250-AUTH PLAIN LOGIN
250-ENHANCEDSTATUSCODES
250-8BITMIME
250-DSN
250 CHUNKING

[2025-06-10 06:34:17] SMTP Debug: CLIENT -> SERVER: STARTTLS

[2025-06-10 06:34:17] SMTP Debug: SERVER -> CLIENT: 220 2.0.0 Ready to start TLS

[2025-06-10 06:34:18] SMTP Debug: CLIENT -> SERVER: EHLO localhost

[2025-06-10 06:34:18] SMTP Debug: SERVER -> CLIENT: 250-smtp-out.flockmail.com
250-PIPELINING
250-SIZE 52428800
250-VRFY
250-ETRN
250-AUTH PLAIN LOGIN
250-ENHANCEDSTATUSCODES
250-8BITMIME
250-DSN
250 CHUNKING

[2025-06-10 06:34:18] SMTP Debug: CLIENT -> SERVER: AUTH LOGIN

[2025-06-10 06:34:18] SMTP Debug: SERVER -> CLIENT: 334 VXNlcm5hbWU6

[2025-06-10 06:34:18] SMTP Debug: CLIENT -> SERVER: [credentials hidden]
[2025-06-10 06:34:18] SMTP Debug: SERVER -> CLIENT: 334 UGFzc3dvcmQ6

[2025-06-10 06:34:18] SMTP Debug: CLIENT -> SERVER: [credentials hidden]
[2025-06-10 06:34:18] SMTP Debug: SERVER -> CLIENT: 235 2.7.0 Authentication successful

[2025-06-10 06:34:18] Conexão SMTP estabelecida com sucesso
[2025-06-10 06:34:18] Configurando remetente e destinatário
[2025-06-10 06:34:18] Tentando enviar email
[2025-06-10 06:34:18] SMTP Debug: CLIENT -> SERVER: MAIL FROM:<contato@radardorh.com.br>

[2025-06-10 06:34:18] SMTP Debug: SERVER -> CLIENT: 250 2.1.0 Ok

[2025-06-10 06:34:18] SMTP Debug: CLIENT -> SERVER: RCPT TO:<suporte.randson@gmail.com>

[2025-06-10 06:34:19] SMTP Debug: SERVER -> CLIENT: 250 2.1.5 Ok

[2025-06-10 06:34:19] SMTP Debug: CLIENT -> SERVER: DATA

[2025-06-10 06:34:19] SMTP Debug: SERVER -> CLIENT: 354 End data with <CR><LF>.<CR><LF>

[2025-06-10 06:34:19] SMTP Debug: CLIENT -> SERVER: Date: Tue, 10 Jun 2025 06:34:18 +0200

[2025-06-10 06:34:19] SMTP Debug: CLIENT -> SERVER: To: suporte.randson@gmail.com

[2025-06-10 06:34:19] SMTP Debug: CLIENT -> SERVER: From: Radar do RH <contato@radardorh.com.br>

[2025-06-10 06:34:19] SMTP Debug: CLIENT -> SERVER: Subject: Teste de Debug - Envio de Email

[2025-06-10 06:34:19] SMTP Debug: CLIENT -> SERVER: Message-ID: <8yvtz659e6UCTMeHX8CuKcWwyVrlprAA0pyF1X4V8@localhost>

[2025-06-10 06:34:19] SMTP Debug: CLIENT -> SERVER: X-Mailer: PHPMailer 6.10.0 (https://github.com/PHPMailer/PHPMailer)

[2025-06-10 06:34:19] SMTP Debug: CLIENT -> SERVER: MIME-Version: 1.0

[2025-06-10 06:34:19] SMTP Debug: CLIENT -> SERVER: Content-Type: text/html; charset=iso-8859-1

[2025-06-10 06:34:19] SMTP Debug: CLIENT -> SERVER: Content-Transfer-Encoding: 8bit

[2025-06-10 06:34:19] SMTP Debug: CLIENT -> SERVER: 

[2025-06-10 06:34:19] SMTP Debug: CLIENT -> SERVER: Este é um email de teste para debug.<br><br>Enviado em: 2025-06-10 06:34:18

[2025-06-10 06:34:19] SMTP Debug: CLIENT -> SERVER: 

[2025-06-10 06:34:19] SMTP Debug: CLIENT -> SERVER: .

[2025-06-10 06:34:19] SMTP Debug: SERVER -> CLIENT: 250 2.0.0 Ok: queued as B1E26E001A

[2025-06-10 06:34:19] SMTP Debug: CLIENT -> SERVER: QUIT

[2025-06-10 06:34:19] SMTP Debug: SERVER -> CLIENT: 221 2.0.0 Bye

[2025-06-10 06:34:19] SMTP Debug: Connection: closed
[2025-06-10 06:34:19] Email enviado com sucesso!
